2021-12-24T07:20:27+00:00 CRITICAL Cannot redeclare myarcade_init() (previously declared in /home/dr6wz5k775ei/public_html/PMnotebooks/wp-content/plugins/MyArcadePlugin-master/myarcadeplugin.php:42) in /home/dr6wz5k775ei/public_html/PMnotebooks/wp-content/plugins/myarcadeplugin/myarcadeplugin.php on line 64

2021-12-24T07:20:50+00:00 CRITICAL Cannot redeclare myarcade_init() (previously declared in /home/dr6wz5k775ei/public_html/PMnotebooks/wp-content/plugins/MyArcadePlugin-master/myarcadeplugin.php:42) in /home/dr6wz5k775ei/public_html/PMnotebooks/wp-content/plugins/myarcadeplugin/myarcadeplugin.php on line 64

2021-12-24T07:20:50+00:00 CRITICAL Cannot redeclare myarcade_init() (previously declared in /home/dr6wz5k775ei/public_html/PMnotebooks/wp-content/plugins/MyArcadePlugin-master/myarcadeplugin.php:42) in /home/dr6wz5k775ei/public_html/PMnotebooks/wp-content/plugins/myarcadeplugin/myarcadeplugin.php on line 64

2021-12-24T07:21:34+00:00 CRITICAL Cannot redeclare myarcade_init() (previously declared in /home/dr6wz5k775ei/public_html/PMnotebooks/wp-content/plugins/MyArcadePlugin-master/myarcadeplugin.php:42) in /home/dr6wz5k775ei/public_html/PMnotebooks/wp-content/plugins/myarcadeplugin/myarcadeplugin.php on line 64

2021-12-24T07:21:56+00:00 CRITICAL Cannot redeclare myarcade_init() (previously declared in /home/dr6wz5k775ei/public_html/PMnotebooks/wp-content/plugins/MyArcadePlugin-master/myarcadeplugin.php:42) in /home/dr6wz5k775ei/public_html/PMnotebooks/wp-content/plugins/myarcadeplugin/myarcadeplugin.php on line 64

2021-12-24T07:21:58+00:00 CRITICAL Cannot redeclare myarcade_init() (previously declared in /home/dr6wz5k775ei/public_html/PMnotebooks/wp-content/plugins/MyArcadePlugin-master/myarcadeplugin.php:42) in /home/dr6wz5k775ei/public_html/PMnotebooks/wp-content/plugins/myarcadeplugin/myarcadeplugin.php on line 64

2021-12-24T10:34:39+00:00 CRITICAL Uncaught Error: Call to undefined function fortunewheel_crb_get_i18n_suffix() in /home/dr6wz5k775ei/public_html/PMnotebooks/wp-content/plugins/mycred-wheel-of-fortune/inc/classes/class-fortunewheel-coupon-request.php:215
Stack trace:
#0 /home/dr6wz5k775ei/public_html/PMnotebooks/wp-includes/class-wp-hook.php(303): mycred_fortunewheel_Coupon_Request->mycred_fortunewheel_coupon_request_callback('')
#1 /home/dr6wz5k775ei/public_html/PMnotebooks/wp-includes/class-wp-hook.php(327): WP_Hook->apply_filters('', Array)
#2 /home/dr6wz5k775ei/public_html/PMnotebooks/wp-includes/plugin.php(470): WP_Hook->do_action(Array)
#3 /home/dr6wz5k775ei/public_html/PMnotebooks/wp-admin/admin-ajax.php(187): do_action('wp_ajax_fortune...')
#4 {main}
  thrown in /home/dr6wz5k775ei/public_html/PMnotebooks/wp-content/plugins/mycred-wheel-of-fortune/inc/classes/class-fortunewheel-coupon-request.php on line 215

2021-12-24T10:42:31+00:00 CRITICAL Uncaught Error: Call to undefined function fortunewheel_crb_get_i18n_suffix() in /home/dr6wz5k775ei/public_html/PMnotebooks/wp-content/plugins/mycred-wheel-of-fortune/inc/classes/class-fortunewheel-coupon-request.php:215
Stack trace:
#0 /home/dr6wz5k775ei/public_html/PMnotebooks/wp-includes/class-wp-hook.php(303): mycred_fortunewheel_Coupon_Request->mycred_fortunewheel_coupon_request_callback('')
#1 /home/dr6wz5k775ei/public_html/PMnotebooks/wp-includes/class-wp-hook.php(327): WP_Hook->apply_filters('', Array)
#2 /home/dr6wz5k775ei/public_html/PMnotebooks/wp-includes/plugin.php(470): WP_Hook->do_action(Array)
#3 /home/dr6wz5k775ei/public_html/PMnotebooks/wp-admin/admin-ajax.php(187): do_action('wp_ajax_fortune...')
#4 {main}
  thrown in /home/dr6wz5k775ei/public_html/PMnotebooks/wp-content/plugins/mycred-wheel-of-fortune/inc/classes/class-fortunewheel-coupon-request.php on line 215

2021-12-24T10:44:05+00:00 CRITICAL Uncaught Error: Call to undefined function fortunewheel_crb_get_i18n_suffix() in /home/dr6wz5k775ei/public_html/PMnotebooks/wp-content/plugins/mycred-wheel-of-fortune/inc/classes/class-fortunewheel-coupon-request.php:215
Stack trace:
#0 /home/dr6wz5k775ei/public_html/PMnotebooks/wp-includes/class-wp-hook.php(303): mycred_fortunewheel_Coupon_Request->mycred_fortunewheel_coupon_request_callback('')
#1 /home/dr6wz5k775ei/public_html/PMnotebooks/wp-includes/class-wp-hook.php(327): WP_Hook->apply_filters('', Array)
#2 /home/dr6wz5k775ei/public_html/PMnotebooks/wp-includes/plugin.php(470): WP_Hook->do_action(Array)
#3 /home/dr6wz5k775ei/public_html/PMnotebooks/wp-admin/admin-ajax.php(187): do_action('wp_ajax_fortune...')
#4 {main}
  thrown in /home/dr6wz5k775ei/public_html/PMnotebooks/wp-content/plugins/mycred-wheel-of-fortune/inc/classes/class-fortunewheel-coupon-request.php on line 215

2021-12-24T10:53:52+00:00 CRITICAL Uncaught Error: Call to undefined function fortunewheel_crb_get_i18n_suffix() in /home/dr6wz5k775ei/public_html/PMnotebooks/wp-content/plugins/mycred-wheel-of-fortune/inc/classes/class-fortunewheel-coupon-request.php:215
Stack trace:
#0 /home/dr6wz5k775ei/public_html/PMnotebooks/wp-includes/class-wp-hook.php(303): mycred_fortunewheel_Coupon_Request->mycred_fortunewheel_coupon_request_callback('')
#1 /home/dr6wz5k775ei/public_html/PMnotebooks/wp-includes/class-wp-hook.php(327): WP_Hook->apply_filters('', Array)
#2 /home/dr6wz5k775ei/public_html/PMnotebooks/wp-includes/plugin.php(470): WP_Hook->do_action(Array)
#3 /home/dr6wz5k775ei/public_html/PMnotebooks/wp-admin/admin-ajax.php(187): do_action('wp_ajax_fortune...')
#4 {main}
  thrown in /home/dr6wz5k775ei/public_html/PMnotebooks/wp-content/plugins/mycred-wheel-of-fortune/inc/classes/class-fortunewheel-coupon-request.php on line 215

2021-12-24T10:55:27+00:00 CRITICAL Uncaught Error: Call to undefined function fortunewheel_crb_get_i18n_suffix() in /home/dr6wz5k775ei/public_html/PMnotebooks/wp-content/plugins/mycred-wheel-of-fortune/inc/classes/class-fortunewheel-coupon-request.php:215
Stack trace:
#0 /home/dr6wz5k775ei/public_html/PMnotebooks/wp-includes/class-wp-hook.php(303): mycred_fortunewheel_Coupon_Request->mycred_fortunewheel_coupon_request_callback('')
#1 /home/dr6wz5k775ei/public_html/PMnotebooks/wp-includes/class-wp-hook.php(327): WP_Hook->apply_filters('', Array)
#2 /home/dr6wz5k775ei/public_html/PMnotebooks/wp-includes/plugin.php(470): WP_Hook->do_action(Array)
#3 /home/dr6wz5k775ei/public_html/PMnotebooks/wp-admin/admin-ajax.php(187): do_action('wp_ajax_fortune...')
#4 {main}
  thrown in /home/dr6wz5k775ei/public_html/PMnotebooks/wp-content/plugins/mycred-wheel-of-fortune/inc/classes/class-fortunewheel-coupon-request.php on line 215

2021-12-24T11:16:48+00:00 CRITICAL Uncaught Error: Call to undefined function fortunewheel_crb_get_i18n_suffix() in /home/dr6wz5k775ei/public_html/PMnotebooks/wp-content/plugins/mycred-wheel-of-fortune/inc/classes/class-fortunewheel-coupon-request.php:215
Stack trace:
#0 /home/dr6wz5k775ei/public_html/PMnotebooks/wp-includes/class-wp-hook.php(303): mycred_fortunewheel_Coupon_Request->mycred_fortunewheel_coupon_request_callback('')
#1 /home/dr6wz5k775ei/public_html/PMnotebooks/wp-includes/class-wp-hook.php(327): WP_Hook->apply_filters('', Array)
#2 /home/dr6wz5k775ei/public_html/PMnotebooks/wp-includes/plugin.php(470): WP_Hook->do_action(Array)
#3 /home/dr6wz5k775ei/public_html/PMnotebooks/wp-admin/admin-ajax.php(187): do_action('wp_ajax_fortune...')
#4 {main}
  thrown in /home/dr6wz5k775ei/public_html/PMnotebooks/wp-content/plugins/mycred-wheel-of-fortune/inc/classes/class-fortunewheel-coupon-request.php on line 215

2021-12-24T11:45:43+00:00 CRITICAL Uncaught Error: Call to undefined function fortunewheel_crb_get_i18n_suffix() in /home/dr6wz5k775ei/public_html/PMnotebooks/wp-content/plugins/mycred-wheel-of-fortune/inc/classes/class-fortunewheel-coupon-request.php:215
Stack trace:
#0 /home/dr6wz5k775ei/public_html/PMnotebooks/wp-includes/class-wp-hook.php(303): mycred_fortunewheel_Coupon_Request->mycred_fortunewheel_coupon_request_callback('')
#1 /home/dr6wz5k775ei/public_html/PMnotebooks/wp-includes/class-wp-hook.php(327): WP_Hook->apply_filters('', Array)
#2 /home/dr6wz5k775ei/public_html/PMnotebooks/wp-includes/plugin.php(470): WP_Hook->do_action(Array)
#3 /home/dr6wz5k775ei/public_html/PMnotebooks/wp-admin/admin-ajax.php(187): do_action('wp_ajax_fortune...')
#4 {main}
  thrown in /home/dr6wz5k775ei/public_html/PMnotebooks/wp-content/plugins/mycred-wheel-of-fortune/inc/classes/class-fortunewheel-coupon-request.php on line 215

2021-12-24T11:47:31+00:00 CRITICAL Uncaught Error: Call to undefined function fortunewheel_crb_get_i18n_suffix() in /home/dr6wz5k775ei/public_html/PMnotebooks/wp-content/plugins/mycred-wheel-of-fortune/inc/classes/class-fortunewheel-coupon-request.php:215
Stack trace:
#0 /home/dr6wz5k775ei/public_html/PMnotebooks/wp-includes/class-wp-hook.php(303): mycred_fortunewheel_Coupon_Request->mycred_fortunewheel_coupon_request_callback('')
#1 /home/dr6wz5k775ei/public_html/PMnotebooks/wp-includes/class-wp-hook.php(327): WP_Hook->apply_filters('', Array)
#2 /home/dr6wz5k775ei/public_html/PMnotebooks/wp-includes/plugin.php(470): WP_Hook->do_action(Array)
#3 /home/dr6wz5k775ei/public_html/PMnotebooks/wp-admin/admin-ajax.php(187): do_action('wp_ajax_fortune...')
#4 {main}
  thrown in /home/dr6wz5k775ei/public_html/PMnotebooks/wp-content/plugins/mycred-wheel-of-fortune/inc/classes/class-fortunewheel-coupon-request.php on line 215

2021-12-24T12:00:52+00:00 CRITICAL Uncaught Error: Call to undefined function fortunewheel_crb_get_i18n_suffix() in /home/dr6wz5k775ei/public_html/PMnotebooks/wp-content/plugins/mycred-wheel-of-fortune/inc/classes/class-fortunewheel-coupon-request.php:215
Stack trace:
#0 /home/dr6wz5k775ei/public_html/PMnotebooks/wp-includes/class-wp-hook.php(303): mycred_fortunewheel_Coupon_Request->mycred_fortunewheel_coupon_request_callback('')
#1 /home/dr6wz5k775ei/public_html/PMnotebooks/wp-includes/class-wp-hook.php(327): WP_Hook->apply_filters('', Array)
#2 /home/dr6wz5k775ei/public_html/PMnotebooks/wp-includes/plugin.php(470): WP_Hook->do_action(Array)
#3 /home/dr6wz5k775ei/public_html/PMnotebooks/wp-admin/admin-ajax.php(187): do_action('wp_ajax_fortune...')
#4 {main}
  thrown in /home/dr6wz5k775ei/public_html/PMnotebooks/wp-content/plugins/mycred-wheel-of-fortune/inc/classes/class-fortunewheel-coupon-request.php on line 215

2021-12-24T12:01:37+00:00 CRITICAL Uncaught Error: Call to undefined function fortunewheel_crb_get_i18n_suffix() in /home/dr6wz5k775ei/public_html/PMnotebooks/wp-content/plugins/mycred-wheel-of-fortune/inc/classes/class-fortunewheel-coupon-request.php:215
Stack trace:
#0 /home/dr6wz5k775ei/public_html/PMnotebooks/wp-includes/class-wp-hook.php(303): mycred_fortunewheel_Coupon_Request->mycred_fortunewheel_coupon_request_callback('')
#1 /home/dr6wz5k775ei/public_html/PMnotebooks/wp-includes/class-wp-hook.php(327): WP_Hook->apply_filters('', Array)
#2 /home/dr6wz5k775ei/public_html/PMnotebooks/wp-includes/plugin.php(470): WP_Hook->do_action(Array)
#3 /home/dr6wz5k775ei/public_html/PMnotebooks/wp-admin/admin-ajax.php(187): do_action('wp_ajax_fortune...')
#4 {main}
  thrown in /home/dr6wz5k775ei/public_html/PMnotebooks/wp-content/plugins/mycred-wheel-of-fortune/inc/classes/class-fortunewheel-coupon-request.php on line 215

2021-12-24T12:06:15+00:00 CRITICAL Uncaught Error: Call to undefined function fortunewheel_crb_get_i18n_suffix() in /home/dr6wz5k775ei/public_html/PMnotebooks/wp-content/plugins/mycred-wheel-of-fortune/inc/classes/class-fortunewheel-coupon-request.php:215
Stack trace:
#0 /home/dr6wz5k775ei/public_html/PMnotebooks/wp-includes/class-wp-hook.php(303): mycred_fortunewheel_Coupon_Request->mycred_fortunewheel_coupon_request_callback('')
#1 /home/dr6wz5k775ei/public_html/PMnotebooks/wp-includes/class-wp-hook.php(327): WP_Hook->apply_filters('', Array)
#2 /home/dr6wz5k775ei/public_html/PMnotebooks/wp-includes/plugin.php(470): WP_Hook->do_action(Array)
#3 /home/dr6wz5k775ei/public_html/PMnotebooks/wp-admin/admin-ajax.php(187): do_action('wp_ajax_fortune...')
#4 {main}
  thrown in /home/dr6wz5k775ei/public_html/PMnotebooks/wp-content/plugins/mycred-wheel-of-fortune/inc/classes/class-fortunewheel-coupon-request.php on line 215

2021-12-24T12:08:09+00:00 CRITICAL Uncaught Error: Call to undefined function fortunewheel_crb_get_i18n_suffix() in /home/dr6wz5k775ei/public_html/PMnotebooks/wp-content/plugins/mycred-wheel-of-fortune/inc/classes/class-fortunewheel-coupon-request.php:215
Stack trace:
#0 /home/dr6wz5k775ei/public_html/PMnotebooks/wp-includes/class-wp-hook.php(303): mycred_fortunewheel_Coupon_Request->mycred_fortunewheel_coupon_request_callback('')
#1 /home/dr6wz5k775ei/public_html/PMnotebooks/wp-includes/class-wp-hook.php(327): WP_Hook->apply_filters('', Array)
#2 /home/dr6wz5k775ei/public_html/PMnotebooks/wp-includes/plugin.php(470): WP_Hook->do_action(Array)
#3 /home/dr6wz5k775ei/public_html/PMnotebooks/wp-admin/admin-ajax.php(187): do_action('wp_ajax_fortune...')
#4 {main}
  thrown in /home/dr6wz5k775ei/public_html/PMnotebooks/wp-content/plugins/mycred-wheel-of-fortune/inc/classes/class-fortunewheel-coupon-request.php on line 215

2021-12-24T12:09:18+00:00 CRITICAL Uncaught Error: Call to undefined function fortunewheel_crb_get_i18n_suffix() in /home/dr6wz5k775ei/public_html/PMnotebooks/wp-content/plugins/mycred-wheel-of-fortune/inc/classes/class-fortunewheel-coupon-request.php:215
Stack trace:
#0 /home/dr6wz5k775ei/public_html/PMnotebooks/wp-includes/class-wp-hook.php(303): mycred_fortunewheel_Coupon_Request->mycred_fortunewheel_coupon_request_callback('')
#1 /home/dr6wz5k775ei/public_html/PMnotebooks/wp-includes/class-wp-hook.php(327): WP_Hook->apply_filters('', Array)
#2 /home/dr6wz5k775ei/public_html/PMnotebooks/wp-includes/plugin.php(470): WP_Hook->do_action(Array)
#3 /home/dr6wz5k775ei/public_html/PMnotebooks/wp-admin/admin-ajax.php(187): do_action('wp_ajax_fortune...')
#4 {main}
  thrown in /home/dr6wz5k775ei/public_html/PMnotebooks/wp-content/plugins/mycred-wheel-of-fortune/inc/classes/class-fortunewheel-coupon-request.php on line 215

2021-12-24T12:22:35+00:00 CRITICAL Uncaught Error: Call to undefined function fortunewheel_crb_get_i18n_suffix() in /home/dr6wz5k775ei/public_html/PMnotebooks/wp-content/plugins/mycred-wheel-of-fortune/inc/classes/class-fortunewheel-coupon-request.php:215
Stack trace:
#0 /home/dr6wz5k775ei/public_html/PMnotebooks/wp-includes/class-wp-hook.php(303): mycred_fortunewheel_Coupon_Request->mycred_fortunewheel_coupon_request_callback('')
#1 /home/dr6wz5k775ei/public_html/PMnotebooks/wp-includes/class-wp-hook.php(327): WP_Hook->apply_filters('', Array)
#2 /home/dr6wz5k775ei/public_html/PMnotebooks/wp-includes/plugin.php(470): WP_Hook->do_action(Array)
#3 /home/dr6wz5k775ei/public_html/PMnotebooks/wp-admin/admin-ajax.php(187): do_action('wp_ajax_fortune...')
#4 {main}
  thrown in /home/dr6wz5k775ei/public_html/PMnotebooks/wp-content/plugins/mycred-wheel-of-fortune/inc/classes/class-fortunewheel-coupon-request.php on line 215

2021-12-24T12:24:00+00:00 CRITICAL Uncaught Error: Call to undefined function fortunewheel_crb_get_i18n_suffix() in /home/dr6wz5k775ei/public_html/PMnotebooks/wp-content/plugins/mycred-wheel-of-fortune/inc/classes/class-fortunewheel-coupon-request.php:215
Stack trace:
#0 /home/dr6wz5k775ei/public_html/PMnotebooks/wp-includes/class-wp-hook.php(303): mycred_fortunewheel_Coupon_Request->mycred_fortunewheel_coupon_request_callback('')
#1 /home/dr6wz5k775ei/public_html/PMnotebooks/wp-includes/class-wp-hook.php(327): WP_Hook->apply_filters('', Array)
#2 /home/dr6wz5k775ei/public_html/PMnotebooks/wp-includes/plugin.php(470): WP_Hook->do_action(Array)
#3 /home/dr6wz5k775ei/public_html/PMnotebooks/wp-admin/admin-ajax.php(187): do_action('wp_ajax_fortune...')
#4 {main}
  thrown in /home/dr6wz5k775ei/public_html/PMnotebooks/wp-content/plugins/mycred-wheel-of-fortune/inc/classes/class-fortunewheel-coupon-request.php on line 215

2021-12-24T12:27:44+00:00 CRITICAL Uncaught Error: Call to undefined function fortunewheel_crb_get_i18n_suffix() in /home/dr6wz5k775ei/public_html/PMnotebooks/wp-content/plugins/mycred-wheel-of-fortune/inc/classes/class-fortunewheel-coupon-request.php:215
Stack trace:
#0 /home/dr6wz5k775ei/public_html/PMnotebooks/wp-includes/class-wp-hook.php(303): mycred_fortunewheel_Coupon_Request->mycred_fortunewheel_coupon_request_callback('')
#1 /home/dr6wz5k775ei/public_html/PMnotebooks/wp-includes/class-wp-hook.php(327): WP_Hook->apply_filters('', Array)
#2 /home/dr6wz5k775ei/public_html/PMnotebooks/wp-includes/plugin.php(470): WP_Hook->do_action(Array)
#3 /home/dr6wz5k775ei/public_html/PMnotebooks/wp-admin/admin-ajax.php(187): do_action('wp_ajax_fortune...')
#4 {main}
  thrown in /home/dr6wz5k775ei/public_html/PMnotebooks/wp-content/plugins/mycred-wheel-of-fortune/inc/classes/class-fortunewheel-coupon-request.php on line 215

2021-12-24T12:37:57+00:00 CRITICAL Uncaught Error: Call to undefined function fortunewheel_crb_get_i18n_suffix() in /home/dr6wz5k775ei/public_html/PMnotebooks/wp-content/plugins/mycred-wheel-of-fortune/inc/classes/class-fortunewheel-coupon-request.php:215
Stack trace:
#0 /home/dr6wz5k775ei/public_html/PMnotebooks/wp-includes/class-wp-hook.php(303): mycred_fortunewheel_Coupon_Request->mycred_fortunewheel_coupon_request_callback('')
#1 /home/dr6wz5k775ei/public_html/PMnotebooks/wp-includes/class-wp-hook.php(327): WP_Hook->apply_filters('', Array)
#2 /home/dr6wz5k775ei/public_html/PMnotebooks/wp-includes/plugin.php(470): WP_Hook->do_action(Array)
#3 /home/dr6wz5k775ei/public_html/PMnotebooks/wp-admin/admin-ajax.php(187): do_action('wp_ajax_fortune...')
#4 {main}
  thrown in /home/dr6wz5k775ei/public_html/PMnotebooks/wp-content/plugins/mycred-wheel-of-fortune/inc/classes/class-fortunewheel-coupon-request.php on line 215

2021-12-24T13:01:03+00:00 CRITICAL Uncaught Error: Call to undefined function fortunewheel_crb_get_i18n_suffix() in /home/dr6wz5k775ei/public_html/PMnotebooks/wp-content/plugins/mycred-wheel-of-fortune/inc/classes/class-fortunewheel-coupon-request.php:215
Stack trace:
#0 /home/dr6wz5k775ei/public_html/PMnotebooks/wp-includes/class-wp-hook.php(303): mycred_fortunewheel_Coupon_Request->mycred_fortunewheel_coupon_request_callback('')
#1 /home/dr6wz5k775ei/public_html/PMnotebooks/wp-includes/class-wp-hook.php(327): WP_Hook->apply_filters('', Array)
#2 /home/dr6wz5k775ei/public_html/PMnotebooks/wp-includes/plugin.php(470): WP_Hook->do_action(Array)
#3 /home/dr6wz5k775ei/public_html/PMnotebooks/wp-admin/admin-ajax.php(187): do_action('wp_ajax_fortune...')
#4 {main}
  thrown in /home/dr6wz5k775ei/public_html/PMnotebooks/wp-content/plugins/mycred-wheel-of-fortune/inc/classes/class-fortunewheel-coupon-request.php on line 215

2021-12-24T13:03:25+00:00 CRITICAL Uncaught Error: Call to undefined function fortunewheel_crb_get_i18n_suffix() in /home/dr6wz5k775ei/public_html/PMnotebooks/wp-content/plugins/mycred-wheel-of-fortune/inc/classes/class-fortunewheel-coupon-request.php:215
Stack trace:
#0 /home/dr6wz5k775ei/public_html/PMnotebooks/wp-includes/class-wp-hook.php(303): mycred_fortunewheel_Coupon_Request->mycred_fortunewheel_coupon_request_callback('')
#1 /home/dr6wz5k775ei/public_html/PMnotebooks/wp-includes/class-wp-hook.php(327): WP_Hook->apply_filters('', Array)
#2 /home/dr6wz5k775ei/public_html/PMnotebooks/wp-includes/plugin.php(470): WP_Hook->do_action(Array)
#3 /home/dr6wz5k775ei/public_html/PMnotebooks/wp-admin/admin-ajax.php(187): do_action('wp_ajax_fortune...')
#4 {main}
  thrown in /home/dr6wz5k775ei/public_html/PMnotebooks/wp-content/plugins/mycred-wheel-of-fortune/inc/classes/class-fortunewheel-coupon-request.php on line 215

2021-12-24T13:05:09+00:00 CRITICAL Uncaught Error: Call to undefined function fortunewheel_crb_get_i18n_suffix() in /home/dr6wz5k775ei/public_html/PMnotebooks/wp-content/plugins/mycred-wheel-of-fortune/inc/classes/class-fortunewheel-coupon-request.php:215
Stack trace:
#0 /home/dr6wz5k775ei/public_html/PMnotebooks/wp-includes/class-wp-hook.php(303): mycred_fortunewheel_Coupon_Request->mycred_fortunewheel_coupon_request_callback('')
#1 /home/dr6wz5k775ei/public_html/PMnotebooks/wp-includes/class-wp-hook.php(327): WP_Hook->apply_filters('', Array)
#2 /home/dr6wz5k775ei/public_html/PMnotebooks/wp-includes/plugin.php(470): WP_Hook->do_action(Array)
#3 /home/dr6wz5k775ei/public_html/PMnotebooks/wp-admin/admin-ajax.php(187): do_action('wp_ajax_fortune...')
#4 {main}
  thrown in /home/dr6wz5k775ei/public_html/PMnotebooks/wp-content/plugins/mycred-wheel-of-fortune/inc/classes/class-fortunewheel-coupon-request.php on line 215

2021-12-24T13:08:28+00:00 CRITICAL Uncaught Error: Call to undefined function fortunewheel_crb_get_i18n_suffix() in /home/dr6wz5k775ei/public_html/PMnotebooks/wp-content/plugins/mycred-wheel-of-fortune/inc/classes/class-fortunewheel-coupon-request.php:215
Stack trace:
#0 /home/dr6wz5k775ei/public_html/PMnotebooks/wp-includes/class-wp-hook.php(303): mycred_fortunewheel_Coupon_Request->mycred_fortunewheel_coupon_request_callback('')
#1 /home/dr6wz5k775ei/public_html/PMnotebooks/wp-includes/class-wp-hook.php(327): WP_Hook->apply_filters('', Array)
#2 /home/dr6wz5k775ei/public_html/PMnotebooks/wp-includes/plugin.php(470): WP_Hook->do_action(Array)
#3 /home/dr6wz5k775ei/public_html/PMnotebooks/wp-admin/admin-ajax.php(187): do_action('wp_ajax_fortune...')
#4 {main}
  thrown in /home/dr6wz5k775ei/public_html/PMnotebooks/wp-content/plugins/mycred-wheel-of-fortune/inc/classes/class-fortunewheel-coupon-request.php on line 215

2021-12-24T13:11:01+00:00 CRITICAL Uncaught Error: Call to undefined function fortunewheel_crb_get_i18n_suffix() in /home/dr6wz5k775ei/public_html/PMnotebooks/wp-content/plugins/mycred-wheel-of-fortune/inc/classes/class-fortunewheel-coupon-request.php:215
Stack trace:
#0 /home/dr6wz5k775ei/public_html/PMnotebooks/wp-includes/class-wp-hook.php(303): mycred_fortunewheel_Coupon_Request->mycred_fortunewheel_coupon_request_callback('')
#1 /home/dr6wz5k775ei/public_html/PMnotebooks/wp-includes/class-wp-hook.php(327): WP_Hook->apply_filters('', Array)
#2 /home/dr6wz5k775ei/public_html/PMnotebooks/wp-includes/plugin.php(470): WP_Hook->do_action(Array)
#3 /home/dr6wz5k775ei/public_html/PMnotebooks/wp-admin/admin-ajax.php(187): do_action('wp_ajax_fortune...')
#4 {main}
  thrown in /home/dr6wz5k775ei/public_html/PMnotebooks/wp-content/plugins/mycred-wheel-of-fortune/inc/classes/class-fortunewheel-coupon-request.php on line 215

2021-12-24T13:14:43+00:00 CRITICAL Uncaught Error: Call to undefined function fortunewheel_crb_get_i18n_suffix() in /home/dr6wz5k775ei/public_html/PMnotebooks/wp-content/plugins/mycred-wheel-of-fortune/inc/classes/class-fortunewheel-coupon-request.php:215
Stack trace:
#0 /home/dr6wz5k775ei/public_html/PMnotebooks/wp-includes/class-wp-hook.php(303): mycred_fortunewheel_Coupon_Request->mycred_fortunewheel_coupon_request_callback('')
#1 /home/dr6wz5k775ei/public_html/PMnotebooks/wp-includes/class-wp-hook.php(327): WP_Hook->apply_filters('', Array)
#2 /home/dr6wz5k775ei/public_html/PMnotebooks/wp-includes/plugin.php(470): WP_Hook->do_action(Array)
#3 /home/dr6wz5k775ei/public_html/PMnotebooks/wp-admin/admin-ajax.php(187): do_action('wp_ajax_fortune...')
#4 {main}
  thrown in /home/dr6wz5k775ei/public_html/PMnotebooks/wp-content/plugins/mycred-wheel-of-fortune/inc/classes/class-fortunewheel-coupon-request.php on line 215

2021-12-24T13:27:23+00:00 CRITICAL Uncaught Error: Call to undefined function fortunewheel_crb_get_i18n_suffix() in /home/dr6wz5k775ei/public_html/PMnotebooks/wp-content/plugins/mycred-wheel-of-fortune/inc/classes/class-fortunewheel-coupon-request.php:215
Stack trace:
#0 /home/dr6wz5k775ei/public_html/PMnotebooks/wp-includes/class-wp-hook.php(303): mycred_fortunewheel_Coupon_Request->mycred_fortunewheel_coupon_request_callback('')
#1 /home/dr6wz5k775ei/public_html/PMnotebooks/wp-includes/class-wp-hook.php(327): WP_Hook->apply_filters('', Array)
#2 /home/dr6wz5k775ei/public_html/PMnotebooks/wp-includes/plugin.php(470): WP_Hook->do_action(Array)
#3 /home/dr6wz5k775ei/public_html/PMnotebooks/wp-admin/admin-ajax.php(187): do_action('wp_ajax_fortune...')
#4 {main}
  thrown in /home/dr6wz5k775ei/public_html/PMnotebooks/wp-content/plugins/mycred-wheel-of-fortune/inc/classes/class-fortunewheel-coupon-request.php on line 215

