2021-12-22T05:56:22+00:00 DEBUG 
====Stripe Version: 5.9.0====
====Start Log====
customers/cus_KoMQAm8TBPEPLT/sources request: Array
(
    [limit] => 100
)

====End Log====


2021-12-22T09:59:08+00:00 DEBUG 
====Stripe Version: 5.9.0====
====Start Log====
account
====End Log====


2021-12-22T09:59:55+00:00 DEBUG 
====Stripe Version: 5.9.0====
====Start Log====
account
====End Log====


2021-12-22T10:00:11+00:00 DEBUG 
====Stripe Version: 5.9.0====
====Start Log====
account
====End Log====


2021-12-22T10:00:28+00:00 DEBUG 
====Stripe Version: 5.9.0====
====Start Log====
Stripe Payment Request live mode requires SSL.
====End Log====


2021-12-22T10:00:28+00:00 DEBUG 
====Stripe Version: 5.9.0====
====Start Log====
Stripe live mode requires SSL.
====End Log====


2021-12-22T10:00:29+00:00 DEBUG 
====Stripe Version: 5.9.0====
====Start Log====
Stripe Payment Request live mode requires SSL.
====End Log====


2021-12-22T10:02:21+00:00 DEBUG 
====Stripe Version: 5.9.0====
====Start Log====
account
====End Log====


2021-12-22T10:04:42+00:00 DEBUG 
====Stripe Version: 5.9.0====
====Start Log====
Stripe Payment Request live mode requires SSL.
====End Log====


2021-12-22T10:04:42+00:00 DEBUG 
====Stripe Version: 5.9.0====
====Start Log====
Stripe live mode requires SSL.
====End Log====


2021-12-22T10:04:42+00:00 DEBUG 
====Stripe Version: 5.9.0====
====Start Log====
Stripe Payment Request live mode requires SSL.
====End Log====


2021-12-22T10:04:44+00:00 DEBUG 
====Stripe Version: 5.9.0====
====Start Log====
Stripe Payment Request live mode requires SSL.
====End Log====


2021-12-22T10:04:44+00:00 DEBUG 
====Stripe Version: 5.9.0====
====Start Log====
Stripe live mode requires SSL.
====End Log====


2021-12-22T10:04:44+00:00 DEBUG 
====Stripe Version: 5.9.0====
====Start Log====
Stripe Payment Request live mode requires SSL.
====End Log====


2021-12-22T10:05:40+00:00 DEBUG 
====Stripe Version: 5.9.0====
====Start Log====
account
====End Log====


2021-12-22T10:05:43+00:00 DEBUG 
====Stripe Version: 5.9.0====
====Start Log====
account
====End Log====


